app/build/intermediates/manifest_merge_blame_file/release/processReleaseMainManifest/manifest-merger-blame-release-report.txt
1<?xml version="1.0" encoding="utf-8"?>
2<manifest xmlns:android="http://schemas.android.com/apk/res/android"
3    package="com.soundtimer"
4    android:versionCode="1"
5    android:versionName="1.0" >
6
7    <uses-sdk
8        android:minSdkVersion="26"
9        android:targetSdkVersion="34" />
10
11    <!-- Do Not Disturb access - required to control ringer/notification volumes -->
12    <uses-permission android:name="android.permission.ACCESS_NOTIFICATION_POLICY" />
12-->src\main\AndroidManifest.xml:6:5-85
12-->src\main\AndroidManifest.xml:6:22-82
13
14    <!-- Post notifications - required for Android 13+ -->
15    <uses-permission android:name="android.permission.POST_NOTIFICATIONS" />
15-->src\main\AndroidManifest.xml:9:5-77
15-->src\main\AndroidManifest.xml:9:22-74
16
17    <!-- Boot completed - to restore timer after device restart -->
18    <uses-permission android:name="android.permission.RECEIVE_BOOT_COMPLETED" />
18-->src\main\AndroidManifest.xml:12:5-81
18-->src\main\AndroidManifest.xml:12:22-78
19
20    <!-- Exact alarms - for precise timer completion -->
21    <uses-permission android:name="android.permission.SCHEDULE_EXACT_ALARM" />
21-->src\main\AndroidManifest.xml:15:5-79
21-->src\main\AndroidManifest.xml:15:22-76
22    <uses-permission android:name="android.permission.USE_EXACT_ALARM" />
22-->src\main\AndroidManifest.xml:16:5-74
22-->src\main\AndroidManifest.xml:16:22-71
23
24    <!-- Foreground service - to keep timer running in background -->
25    <uses-permission android:name="android.permission.FOREGROUND_SERVICE" />
25-->src\main\AndroidManifest.xml:19:5-77
25-->src\main\AndroidManifest.xml:19:22-74
26    <uses-permission android:name="android.permission.FOREGROUND_SERVICE_SPECIAL_USE" />
26-->src\main\AndroidManifest.xml:20:5-89
26-->src\main\AndroidManifest.xml:20:22-86
27
28    <!-- Wake lock for reliable alarm delivery -->
29    <uses-permission android:name="android.permission.WAKE_LOCK" />
29-->src\main\AndroidManifest.xml:23:5-68
29-->src\main\AndroidManifest.xml:23:22-65
30
31    <permission
31-->[androidx.core:core:1.12.0] AndroidManifest.xml:22:5-24:47
32        android:name="com.soundtimer.DYNAMIC_RECEIVER_NOT_EXPORTED_PERMISSION"
32-->[androidx.core:core:1.12.0] AndroidManifest.xml:23:9-81
33        android:protectionLevel="signature" />
33-->[androidx.core:core:1.12.0] AndroidManifest.xml:24:9-44
34
35    <uses-permission android:name="com.soundtimer.DYNAMIC_RECEIVER_NOT_EXPORTED_PERMISSION" />
35-->[androidx.core:core:1.12.0] AndroidManifest.xml:26:5-97
35-->[androidx.core:core:1.12.0] AndroidManifest.xml:26:22-94
36
37    <application
37-->src\main\AndroidManifest.xml:25:5-75:19
38        android:allowBackup="true"
38-->src\main\AndroidManifest.xml:26:9-35
39        android:appComponentFactory="androidx.core.app.CoreComponentFactory"
39-->[androidx.core:core:1.12.0] AndroidManifest.xml:28:18-86
40        android:dataExtractionRules="@xml/data_extraction_rules"
40-->src\main\AndroidManifest.xml:27:9-65
41        android:extractNativeLibs="false"
42        android:fullBackupContent="@xml/backup_rules"
42-->src\main\AndroidManifest.xml:28:9-54
43        android:icon="@mipmap/ic_launcher"
43-->src\main\AndroidManifest.xml:29:9-43
44        android:label="@string/app_name"
44-->src\main\AndroidManifest.xml:30:9-41
45        android:roundIcon="@mipmap/ic_launcher_round"
45-->src\main\AndroidManifest.xml:31:9-54
46        android:supportsRtl="true"
46-->src\main\AndroidManifest.xml:32:9-35
47        android:theme="@style/Theme.SoundTimer" >
47-->src\main\AndroidManifest.xml:33:9-48
48
49        <!-- Main Activity -->
50        <activity
50-->src\main\AndroidManifest.xml:37:9-45:20
51            android:name="com.soundtimer.MainActivity"
51-->src\main\AndroidManifest.xml:38:13-41
52            android:exported="true"
52-->src\main\AndroidManifest.xml:39:13-36
53            android:theme="@style/Theme.SoundTimer" >
53-->src\main\AndroidManifest.xml:40:13-52
54            <intent-filter>
54-->src\main\AndroidManifest.xml:41:13-44:29
55                <action android:name="android.intent.action.MAIN" />
55-->src\main\AndroidManifest.xml:42:17-69
55-->src\main\AndroidManifest.xml:42:25-66
56
57                <category android:name="android.intent.category.LAUNCHER" />
57-->src\main\AndroidManifest.xml:43:17-77
57-->src\main\AndroidManifest.xml:43:27-74
58            </intent-filter>
59        </activity>
60
61        <!-- Timer Foreground Service -->
62        <service
62-->src\main\AndroidManifest.xml:48:9-56:19
63            android:name="com.soundtimer.service.TimerService"
63-->src\main\AndroidManifest.xml:49:13-49
64            android:enabled="true"
64-->src\main\AndroidManifest.xml:50:13-35
65            android:exported="false"
65-->src\main\AndroidManifest.xml:51:13-37
66            android:foregroundServiceType="specialUse" >
66-->src\main\AndroidManifest.xml:52:13-55
67            <property
67-->src\main\AndroidManifest.xml:53:13-55:41
68                android:name="android.app.PROPERTY_SPECIAL_USE_FGS_SUBTYPE"
68-->src\main\AndroidManifest.xml:54:17-76
69                android:value="timer" />
69-->src\main\AndroidManifest.xml:55:17-38
70        </service>
71
72        <!-- Boot Completed Receiver -->
73        <receiver
73-->src\main\AndroidManifest.xml:59:9-67:20
74            android:name="com.soundtimer.service.BootReceiver"
74-->src\main\AndroidManifest.xml:60:13-49
75            android:enabled="true"
75-->src\main\AndroidManifest.xml:61:13-35
76            android:exported="true" >
76-->src\main\AndroidManifest.xml:62:13-36
77            <intent-filter>
77-->src\main\AndroidManifest.xml:63:13-66:29
78                <action android:name="android.intent.action.BOOT_COMPLETED" />
78-->src\main\AndroidManifest.xml:64:17-79
78-->src\main\AndroidManifest.xml:64:25-76
79                <action android:name="android.intent.action.QUICKBOOT_POWERON" />
79-->src\main\AndroidManifest.xml:65:17-82
79-->src\main\AndroidManifest.xml:65:25-79
80            </intent-filter>
81        </receiver>
82
83        <!-- Alarm Receiver -->
84        <receiver
84-->src\main\AndroidManifest.xml:70:9-73:40
85            android:name="com.soundtimer.service.AlarmReceiver"
85-->src\main\AndroidManifest.xml:71:13-50
86            android:enabled="true"
86-->src\main\AndroidManifest.xml:72:13-35
87            android:exported="false" />
87-->src\main\AndroidManifest.xml:73:13-37
88
89        <provider
89-->[androidx.emoji2:emoji2:1.3.0] AndroidManifest.xml:24:9-32:20
90            android:name="androidx.startup.InitializationProvider"
90-->[androidx.emoji2:emoji2:1.3.0] AndroidManifest.xml:25:13-67
91            android:authorities="com.soundtimer.androidx-startup"
91-->[androidx.emoji2:emoji2:1.3.0] AndroidManifest.xml:26:13-68
92            android:exported="false" >
92-->[androidx.emoji2:emoji2:1.3.0] AndroidManifest.xml:27:13-37
93            <meta-data
93-->[androidx.emoji2:emoji2:1.3.0] AndroidManifest.xml:29:13-31:52
94                android:name="androidx.emoji2.text.EmojiCompatInitializer"
94-->[androidx.emoji2:emoji2:1.3.0] AndroidManifest.xml:30:17-75
95                android:value="androidx.startup" />
95-->[androidx.emoji2:emoji2:1.3.0] AndroidManifest.xml:31:17-49
96            <meta-data
96-->[androidx.lifecycle:lifecycle-process:2.7.0] AndroidManifest.xml:29:13-31:52
97                android:name="androidx.lifecycle.ProcessLifecycleInitializer"
97-->[androidx.lifecycle:lifecycle-process:2.7.0] AndroidManifest.xml:30:17-78
98                android:value="androidx.startup" />
98-->[androidx.lifecycle:lifecycle-process:2.7.0] AndroidManifest.xml:31:17-49
99            <meta-data
99-->[androidx.profileinstaller:profileinstaller:1.3.0] AndroidManifest.xml:29:13-31:52
100                android:name="androidx.profileinstaller.ProfileInstallerInitializer"
100-->[androidx.profileinstaller:profileinstaller:1.3.0] AndroidManifest.xml:30:17-85
101                android:value="androidx.startup" />
101-->[androidx.profileinstaller:profileinstaller:1.3.0] AndroidManifest.xml:31:17-49
102        </provider>
103
104        <receiver
104-->[androidx.profileinstaller:profileinstaller:1.3.0] AndroidManifest.xml:34:9-52:20
105            android:name="androidx.profileinstaller.ProfileInstallReceiver"
105-->[androidx.profileinstaller:profileinstaller:1.3.0] AndroidManifest.xml:35:13-76
106            android:directBootAware="false"
106-->[androidx.profileinstaller:profileinstaller:1.3.0] AndroidManifest.xml:36:13-44
107            android:enabled="true"
107-->[androidx.profileinstaller:profileinstaller:1.3.0] AndroidManifest.xml:37:13-35
108            android:exported="true"
108-->[androidx.profileinstaller:profileinstaller:1.3.0] AndroidManifest.xml:38:13-36
109            android:permission="android.permission.DUMP" >
109-->[androidx.profileinstaller:profileinstaller:1.3.0] AndroidManifest.xml:39:13-57
110            <intent-filter>
110-->[androidx.profileinstaller:profileinstaller:1.3.0] AndroidManifest.xml:40:13-42:29
111                <action android:name="androidx.profileinstaller.action.INSTALL_PROFILE" />
111-->[androidx.profileinstaller:profileinstaller:1.3.0] AndroidManifest.xml:41:17-91
111-->[androidx.profileinstaller:profileinstaller:1.3.0] AndroidManifest.xml:41:25-88
112            </intent-filter>
113            <intent-filter>
113-->[androidx.profileinstaller:profileinstaller:1.3.0] AndroidManifest.xml:43:13-45:29
114                <action android:name="androidx.profileinstaller.action.SKIP_FILE" />
114-->[androidx.profileinstaller:profileinstaller:1.3.0] AndroidManifest.xml:44:17-85
114-->[androidx.profileinstaller:profileinstaller:1.3.0] AndroidManifest.xml:44:25-82
115            </intent-filter>
116            <intent-filter>
116-->[androidx.profileinstaller:profileinstaller:1.3.0] AndroidManifest.xml:46:13-48:29
117                <action android:name="androidx.profileinstaller.action.SAVE_PROFILE" />
117-->[androidx.profileinstaller:profileinstaller:1.3.0] AndroidManifest.xml:47:17-88
117-->[androidx.profileinstaller:profileinstaller:1.3.0] AndroidManifest.xml:47:25-85
118            </intent-filter>
119            <intent-filter>
119-->[androidx.profileinstaller:profileinstaller:1.3.0] AndroidManifest.xml:49:13-51:29
120                <action android:name="androidx.profileinstaller.action.BENCHMARK_OPERATION" />
120-->[androidx.profileinstaller:profileinstaller:1.3.0] AndroidManifest.xml:50:17-95
120-->[androidx.profileinstaller:profileinstaller:1.3.0] AndroidManifest.xml:50:25-92
121            </intent-filter>
122        </receiver>
123    </application>
124
125</manifest>